<?xml version="1.0" encoding="UTF-8"?>
<testsuite name="games.gameOfFifteen.TestGameOfFifteenInitializer" tests="2" skipped="0" failures="0" errors="0" timestamp="2026-03-09T00:45:03.843Z" hostname="sanathrs-mac.roam.internal" time="0.002">
  <properties/>
  <testcase name="testInitialPermutationIsEven" classname="games.gameOfFifteen.TestGameOfFifteenInitializer" time="0.002"/>
  <testcase name="testInitialPermutationIsNotTrivial" classname="games.gameOfFifteen.TestGameOfFifteenInitializer" time="0.0"/>
  <system-out><![CDATA[]]></system-out>
  <system-err><![CDATA[]]></system-err>
</testsuite>
