<?xml version="1.0" encoding="UTF-8"?>
<testsuite name="games.gameOfFifteen.TestGameOfFifteen" tests="2" skipped="0" failures="0" errors="0" timestamp="2026-03-09T00:45:03.832Z" hostname="sanathrs-mac.roam.internal" time="0.005">
  <properties/>
  <testcase name="testMoves" classname="games.gameOfFifteen.TestGameOfFifteen" time="0.005"/>
  <testcase name="testWinning" classname="games.gameOfFifteen.TestGameOfFifteen" time="0.0"/>
  <system-out><![CDATA[]]></system-out>
  <system-err><![CDATA[]]></system-err>
</testsuite>
